<?xml version="1.0" encoding="UTF-8"?>
<!-- Generated by org.testng.reporters.JUnitReportReporter -->
<testsuite hostname="DESKTOP-87343IB" failures="0" tests="3" name="com.users.Users" time="0.008" errors="0" timestamp="2022-11-08T19:03:34 IST" skipped="0">
  <testcase classname="com.users.Users" name="deleteUser" time="0.001"/>
  <system-out/>
  <testcase classname="com.users.Users" name="createUser" time="0.006"/>
  <system-out/>
  <testcase classname="com.users.Users" name="modifyUser" time="0.001"/>
  <system-out/>
</testsuite> <!-- com.users.Users -->
