<?xml version="1.0" encoding="UTF-8"?>
<!-- Generated by org.testng.reporters.JUnitXMLReporter -->
<testsuite ignored="2" hostname="DESKTOP-87343IB" failures="0" tests="1" name="test cases" time="0.047" errors="0" timestamp="2022-11-08T18:53:58 IST">
  <testcase classname="com.users.Users" name="createUser" time="0.005"/>
  <testcase classname="com.users.Users" name="modifyUser" time="0.0">
    <ignored/>
  </testcase> <!-- modifyUser -->
  <testcase classname="com.users.Users" name="deleteUser" time="0.0">
    <ignored/>
  </testcase> <!-- deleteUser -->
</testsuite> <!-- test cases -->
