<?xml version="1.0" encoding="UTF-8"?>
<!-- Generated by org.testng.reporters.JUnitXMLReporter -->
<testsuite ignored="0" hostname="DESKTOP-87343IB" failures="0" tests="6" name="Users and Products" time="0.058" errors="0" timestamp="2022-11-08T18:58:06 IST">
  <testcase classname="com.users.Users" name="createUser" time="0.005"/>
  <testcase classname="com.users.Users" name="deleteUser" time="0.001"/>
  <testcase classname="com.users.Users" name="modifyUser" time="0.001"/>
  <testcase classname="com.products.Products" name="createProduct" time="0.001"/>
  <testcase classname="com.products.Products" name="deleteProduct" time="0.001"/>
  <testcase classname="com.products.Products" name="modifyProduct" time="0.001"/>
</testsuite> <!-- Users and Products -->
