<?xml version="1.0" encoding="UTF-8"?>
<!-- Generated by org.testng.reporters.JUnitXMLReporter -->
<testsuite ignored="0" hostname="DESKTOP-87343IB" failures="0" tests="3" name="Users" time="0.052" errors="0" timestamp="2022-11-08T19:09:07 IST">
  <testcase classname="com.parameters.Users" name="createUser" time="0.004"/>
  <testcase classname="com.parameters.Users" name="deleteUser" time="0.001"/>
  <testcase classname="com.parameters.Users" name="modifyUser" time="0.001"/>
</testsuite> <!-- Users -->
