<?xml version="1.0" encoding="UTF-8"?>
<!-- Generated by org.testng.reporters.JUnitXMLReporter -->
<testsuite ignored="0" hostname="DESKTOP-87343IB" failures="0" tests="6" name="Test cases" time="0.055" errors="0" timestamp="2022-11-08T18:42:44 IST">
  <testcase classname="com.users.Users" name="createUser" time="0.007"/>
  <testcase classname="com.users.Users" name="deleteUser" time="0.001"/>
  <testcase classname="com.users.Users" name="modifyUser" time="0.001"/>
  <testcase classname="com.products.Products" name="createProduct" time="0.001"/>
  <testcase classname="com.products.Products" name="deleteProduct" time="0.0"/>
  <testcase classname="com.products.Products" name="modifyProduct" time="0.001"/>
</testsuite> <!-- Test cases -->
