<?xml version="1.0" encoding="UTF-8"?>
<!-- Generated by org.testng.reporters.JUnitXMLReporter -->
<testsuite ignored="0" hostname="DESKTOP-87343IB" failures="0" tests="3" name="products" time="0.008" errors="0" timestamp="2022-11-08T19:03:34 IST">
  <testcase classname="com.products.Products" name="createProduct" time="0.001"/>
  <testcase classname="com.products.Products" name="deleteProduct" time="0.001"/>
  <testcase classname="com.products.Products" name="modifyProduct" time="0.0"/>
</testsuite> <!-- products -->
